internal/modules/cjs/loader.js:905
  throw err;
  ^

Error: Cannot find module 'yargs'
Require stack:
- /home3/ottoapli/AIO/index.js
- /usr/local/lsws/fcgi-bin/lsnode.js
    at Function.Module._resolveFilename (internal/modules/cjs/loader.js:902:15)
    at Function.Module._load (internal/modules/cjs/loader.js:746:27)
    at Module.require (internal/modules/cjs/loader.js:974:19)
    at require (internal/modules/cjs/helpers.js:93:18)
    at Object.<anonymous> (/home3/ottoapli/AIO/index.js:2:13)
    at Module._compile (internal/modules/cjs/loader.js:1085:14)
    at Object.Module._extensions..js (internal/modules/cjs/loader.js:1114:10)
    at Module.load (internal/modules/cjs/loader.js:950:32)
    at Function.Module._load (internal/modules/cjs/loader.js:790:12)
    at Module.require (internal/modules/cjs/loader.js:974:19) {
  code: 'MODULE_NOT_FOUND',
  requireStack: [
    '/home3/ottoapli/AIO/index.js',
    '/usr/local/lsws/fcgi-bin/lsnode.js'
  ]
}
internal/modules/cjs/loader.js:905
  throw err;
  ^

Error: Cannot find module 'yargs'
Require stack:
- /home3/ottoapli/AIO/index.js
- /usr/local/lsws/fcgi-bin/lsnode.js
    at Function.Module._resolveFilename (internal/modules/cjs/loader.js:902:15)
    at Function.Module._load (internal/modules/cjs/loader.js:746:27)
    at Module.require (internal/modules/cjs/loader.js:974:19)
    at require (internal/modules/cjs/helpers.js:93:18)
    at Object.<anonymous> (/home3/ottoapli/AIO/index.js:2:13)
    at Module._compile (internal/modules/cjs/loader.js:1085:14)
    at Object.Module._extensions..js (internal/modules/cjs/loader.js:1114:10)
    at Module.load (internal/modules/cjs/loader.js:950:32)
    at Function.Module._load (internal/modules/cjs/loader.js:790:12)
    at Module.require (internal/modules/cjs/loader.js:974:19) {
  code: 'MODULE_NOT_FOUND',
  requireStack: [
    '/home3/ottoapli/AIO/index.js',
    '/usr/local/lsws/fcgi-bin/lsnode.js'
  ]
}
internal/modules/cjs/loader.js:905
  throw err;
  ^

Error: Cannot find module 'yargs'
Require stack:
- /home3/ottoapli/AIO/index.js
- /usr/local/lsws/fcgi-bin/lsnode.js
    at Function.Module._resolveFilename (internal/modules/cjs/loader.js:902:15)
    at Function.Module._load (internal/modules/cjs/loader.js:746:27)
    at Module.require (internal/modules/cjs/loader.js:974:19)
    at require (internal/modules/cjs/helpers.js:93:18)
    at Object.<anonymous> (/home3/ottoapli/AIO/index.js:2:13)
    at Module._compile (internal/modules/cjs/loader.js:1085:14)
    at Object.Module._extensions..js (internal/modules/cjs/loader.js:1114:10)
    at Module.load (internal/modules/cjs/loader.js:950:32)
    at Function.Module._load (internal/modules/cjs/loader.js:790:12)
    at Module.require (internal/modules/cjs/loader.js:974:19) {
  code: 'MODULE_NOT_FOUND',
  requireStack: [
    '/home3/ottoapli/AIO/index.js',
    '/usr/local/lsws/fcgi-bin/lsnode.js'
  ]
}
